<?xml version="1.0" encoding="UTF-8"?>
<testng-results skipped="0" failed="1" total="2" passed="1">
  <reporter-output>
  </reporter-output>
  <suite name="Default suite" duration-ms="820" started-at="2018-03-24T07:58:10Z" finished-at="2018-03-24T07:58:11Z">
    <groups>
    </groups>
    <test name="Default test" duration-ms="820" started-at="2018-03-24T07:58:10Z" finished-at="2018-03-24T07:58:11Z">
      <class name="test.maven.Example">
        <test-method status="PASS" signature="beforeMethod(org.testng.ITestResult)[pri:0, instance:test.maven.Example@1ef968d]" name="beforeMethod" is-config="true" duration-ms="32" started-at="2018-03-24T13:28:10Z" finished-at="2018-03-24T13:28:10Z">
          <params>
            <param index="0">
              <value>
                <![CDATA[[TestResult name=testLogin status=SUCCESS method=Example.testLogin()[pri:0, instance:test.maven.Example@1ef968d] output={null}]]]>
              </value>
            </param>
          </params>
          <reporter-output>
          </reporter-output>
        </test-method> <!-- beforeMethod -->
        <test-method status="PASS" signature="testLogin()[pri:0, instance:test.maven.Example@1ef968d]" name="testLogin" duration-ms="20" started-at="2018-03-24T13:28:10Z" finished-at="2018-03-24T13:28:10Z">
          <reporter-output>
          </reporter-output>
        </test-method> <!-- testLogin -->
        <test-method status="PASS" signature="afterMethod(org.testng.ITestResult)[pri:0, instance:test.maven.Example@1ef968d]" name="afterMethod" is-config="true" duration-ms="0" started-at="2018-03-24T13:28:10Z" finished-at="2018-03-24T13:28:10Z">
          <params>
            <param index="0">
              <value>
                <![CDATA[[TestResult name=testLogin status=SUCCESS method=Example.testLogin()[pri:0, instance:test.maven.Example@1ef968d] output={null}]]]>
              </value>
            </param>
          </params>
          <reporter-output>
          </reporter-output>
        </test-method> <!-- afterMethod -->
        <test-method status="PASS" signature="beforeMethod(org.testng.ITestResult)[pri:0, instance:test.maven.Example@1ef968d]" name="beforeMethod" is-config="true" duration-ms="0" started-at="2018-03-24T13:28:10Z" finished-at="2018-03-24T13:28:10Z">
          <params>
            <param index="0">
              <value>
                <![CDATA[[TestResult name=testLogout status=FAILURE method=Example.testLogout()[pri:0, instance:test.maven.Example@1ef968d] output={null}]]]>
              </value>
            </param>
          </params>
          <reporter-output>
          </reporter-output>
        </test-method> <!-- beforeMethod -->
        <test-method status="FAIL" signature="testLogout()[pri:0, instance:test.maven.Example@1ef968d]" name="testLogout" duration-ms="5" started-at="2018-03-24T13:28:10Z" finished-at="2018-03-24T13:28:10Z">
          <exception class="java.lang.AssertionError">
            <message>
              <![CDATA[expected [true] but found [false]]]>
            </message>
            <full-stacktrace>
              <![CDATA[java.lang.AssertionError: expected [true] but found [false]
	at org.testng.Assert.fail(Assert.java:94)
	at org.testng.Assert.failNotEquals(Assert.java:494)
	at org.testng.Assert.assertTrue(Assert.java:42)
	at org.testng.Assert.assertTrue(Assert.java:52)
	at test.maven.Example.testLogout(Example.java:17)
	at sun.reflect.NativeMethodAccessorImpl.invoke0(Native Method)
	at sun.reflect.NativeMethodAccessorImpl.invoke(Unknown Source)
	at sun.reflect.DelegatingMethodAccessorImpl.invoke(Unknown Source)
	at java.lang.reflect.Method.invoke(Unknown Source)
	at org.testng.internal.MethodInvocationHelper.invokeMethod(MethodInvocationHelper.java:80)
	at org.testng.internal.Invoker.invokeMethod(Invoker.java:714)
	at org.testng.internal.Invoker.invokeTestMethod(Invoker.java:901)
	at org.testng.internal.Invoker.invokeTestMethods(Invoker.java:1231)
	at org.testng.internal.TestMethodWorker.invokeTestMethods(TestMethodWorker.java:127)
	at org.testng.internal.TestMethodWorker.run(TestMethodWorker.java:111)
	at org.testng.TestRunner.privateRun(TestRunner.java:767)
	at org.testng.TestRunner.run(TestRunner.java:617)
	at org.testng.SuiteRunner.runTest(SuiteRunner.java:334)
	at org.testng.SuiteRunner.runSequentially(SuiteRunner.java:329)
	at org.testng.SuiteRunner.privateRun(SuiteRunner.java:291)
	at org.testng.SuiteRunner.run(SuiteRunner.java:240)
	at org.testng.SuiteRunnerWorker.runSuite(SuiteRunnerWorker.java:52)
	at org.testng.SuiteRunnerWorker.run(SuiteRunnerWorker.java:86)
	at org.testng.TestNG.runSuitesSequentially(TestNG.java:1198)
	at org.testng.TestNG.runSuitesLocally(TestNG.java:1123)
	at org.testng.TestNG.run(TestNG.java:1031)
	at org.testng.remote.AbstractRemoteTestNG.run(AbstractRemoteTestNG.java:126)
	at org.testng.remote.RemoteTestNG.initAndRun(RemoteTestNG.java:152)
	at org.testng.remote.RemoteTestNG.main(RemoteTestNG.java:57)
]]>
            </full-stacktrace>
          </exception> <!-- java.lang.AssertionError -->
          <reporter-output>
          </reporter-output>
        </test-method> <!-- testLogout -->
        <test-method status="PASS" signature="afterMethod(org.testng.ITestResult)[pri:0, instance:test.maven.Example@1ef968d]" name="afterMethod" is-config="true" duration-ms="0" started-at="2018-03-24T13:28:10Z" finished-at="2018-03-24T13:28:10Z">
          <params>
            <param index="0">
              <value>
                <![CDATA[[TestResult name=testLogout status=FAILURE method=Example.testLogout()[pri:0, instance:test.maven.Example@1ef968d] output={null}]]]>
              </value>
            </param>
          </params>
          <reporter-output>
          </reporter-output>
        </test-method> <!-- afterMethod -->
        <test-method status="PASS" signature="endTest()[pri:0, instance:test.maven.Example@1ef968d]" name="endTest" is-config="true" duration-ms="705" started-at="2018-03-24T13:28:10Z" finished-at="2018-03-24T13:28:11Z">
          <reporter-output>
          </reporter-output>
        </test-method> <!-- endTest -->
      </class> <!-- test.maven.Example -->
    </test> <!-- Default test -->
  </suite> <!-- Default suite -->
</testng-results>
